12:51:59> UAV is inializing. Please wait...
12:52:02> [OK] UAV is now initialized.
21:03:40> UAV is inializing. Please wait...
21:03:43> [OK] UAV is now initialized.
21:03:43> [OK] UAV is now initialized.
21:05:31> Key SPACE pressed
21:05:31> Key SPACE pressed
21:07:17> Key Ctrl pressed
21:07:17> Key Ctrl pressed
21:07:49> Key SPACE pressed
21:07:49> Key SPACE pressed
21:08:55> Key Ctrl pressed
21:12:47> UAV is inializing. Please wait...
21:12:50> [OK] UAV is now initialized.
21:15:02> UAV is inializing. Please wait...
21:15:04> [OK] UAV is now initialized.
21:15:04> [OK] UAV is now initialized.
21:19:18> Key SPACE pressed
21:19:18> Key SPACE pressed
21:19:34> Key SPACE pressed
21:19:34> Key SPACE pressed
21:19:37> Key Ctrl pressed
21:19:37> Key Ctrl pressed
21:19:37> Key Ctrl pressed
21:19:37> Key Ctrl pressed
21:19:37> Key Ctrl pressed
21:19:37> Key Ctrl pressed
21:19:37> Key Ctrl pressed
21:19:37> Key Ctrl pressed
21:19:38> Key Ctrl pressed
21:19:38> Key Ctrl pressed
21:19:38> Key SPACE pressed
21:19:38> Key SPACE pressed
21:19:39> Key Ctrl pressed
21:19:46> UAV is inializing. Please wait...
21:19:48> [OK] UAV is now initialized.
21:19:48> [OK] UAV is now initialized.
21:20:10> Key SPACE pressed
21:20:10> Key SPACE pressed
21:20:21> Key Ctrl pressed
21:20:21> Key Ctrl pressed
21:20:24> Key Ctrl pressed
21:21:41> UAV is inializing. Please wait...
21:21:43> [OK] UAV is now initialized.
21:21:43> [OK] UAV is now initialized.
21:22:08> Key SPACE pressed
21:22:08> Key SPACE pressed
21:22:58> Key Ctrl pressed
21:22:58> Key Ctrl pressed
21:22:59> Key Ctrl pressed
21:22:59> Key Ctrl pressed
21:23:00> Key Ctrl pressed
21:23:00> Key Ctrl pressed
21:23:00> Key Ctrl pressed
21:23:00> Key Ctrl pressed
21:23:01> Key Q pressed
21:23:01> Key Q pressed
21:23:02> Key D pressed
21:23:02> Key D pressed
21:23:02> Key D pressed
21:23:02> Key D pressed
21:23:02> Key Z pressed
21:23:02> Key Z pressed
21:23:03> Key Z pressed
21:23:03> Key Z pressed
21:23:03> Key S pressed
21:23:03> Key S pressed
21:23:03> Key Q pressed
21:23:03> Key Q pressed
21:23:03> Key D pressed
21:23:03> Key D pressed
21:23:04> Key Q pressed
21:23:04> Key Q pressed
21:23:04> Key D pressed
21:23:04> Key Q pressed
21:23:04> Key Q pressed
21:23:04> Key D pressed
21:23:04> Key D pressed
21:23:05> Key Z pressed
21:23:05> Key Z pressed
21:23:05> Key S pressed
21:23:05> Key S pressed
21:23:06> Key Ctrl pressed
21:23:06> Key Ctrl pressed
21:23:06> Key Ctrl pressed
21:23:06> Key Ctrl pressed
21:23:07> Key Ctrl pressed
21:23:07> Key Ctrl pressed
21:23:07> Key Ctrl pressed
21:23:07> Key Ctrl pressed
21:23:08> Key SPACE pressed
21:23:08> Key SPACE pressed
21:23:09> Key Ctrl pressed
21:23:09> Key SHIFT pressed
21:30:47> UAV is inializing. Please wait...
21:30:49> [OK] UAV is now initialized.
21:32:08> UAV is inializing. Please wait...
21:32:11> [OK] UAV is now initialized.
21:32:11> [OK] UAV is now initialized.
21:37:32> Key SPACE pressed
21:37:32> Key SPACE pressed
21:38:27> Key Ctrl pressed